<?xml version="1.0" encoding="UTF-8"?>
<!-- Generated by org.testng.reporters.JUnitXMLReporter -->
<testsuite ignored="0" hostname="christian-System" failures="0" tests="8" name="Surefire test" time="0.039" errors="0" timestamp="2020-10-08T10:22:02 PET">
  <testcase classname="ObserverTest" name="notifyCE2ATest" time="0.009"/>
  <testcase classname="ObserverTest" name="notifyCounterAlumnosTest" time="0.0"/>
  <testcase classname="ObserverTest" name="notifyCounterDocentesTest" time="0.001"/>
  <testcase classname="ObserverTest" name="notifyDGATest" time="0.0"/>
  <testcase classname="ProfesorTest" name="checkLinkTest" time="0.0"/>
  <testcase classname="ProfesorTest" name="inputLinkTest" time="0.0"/>
  <testcase classname="ProfesorTest" name="inputNameTest" time="0.0"/>
  <testcase classname="ProfesorTest" name="inputTitleTest" time="0.001"/>
</testsuite> <!-- Surefire test -->
