<?xml version="1.0" encoding="UTF-8"?>
<testng-results ignored="0" total="8" passed="8" failed="0" skipped="0">
  <reporter-output>
  </reporter-output>
  <suite started-at="2020-10-08T10:22:02 PET" name="Surefire suite" finished-at="2020-10-08T10:22:02 PET" duration-ms="39">
    <groups>
    </groups>
    <test started-at="2020-10-08T10:22:02 PET" name="Surefire test" finished-at="2020-10-08T10:22:02 PET" duration-ms="39">
      <class name="ObserverTest">
        <test-method signature="notifyCE2ATest()[pri:0, instance:ObserverTest@66153688]" started-at="2020-10-08T10:22:02 PET" name="notifyCE2ATest" finished-at="2020-10-08T10:22:02 PET" duration-ms="9" status="PASS">
          <reporter-output>
          </reporter-output>
        </test-method> <!-- notifyCE2ATest -->
        <test-method signature="notifyCounterAlumnosTest()[pri:0, instance:ObserverTest@66153688]" started-at="2020-10-08T10:22:02 PET" name="notifyCounterAlumnosTest" finished-at="2020-10-08T10:22:02 PET" duration-ms="0" status="PASS">
          <reporter-output>
          </reporter-output>
        </test-method> <!-- notifyCounterAlumnosTest -->
        <test-method signature="notifyCounterDocentesTest()[pri:0, instance:ObserverTest@66153688]" started-at="2020-10-08T10:22:02 PET" name="notifyCounterDocentesTest" finished-at="2020-10-08T10:22:02 PET" duration-ms="1" status="PASS">
          <reporter-output>
          </reporter-output>
        </test-method> <!-- notifyCounterDocentesTest -->
        <test-method signature="notifyDGATest()[pri:0, instance:ObserverTest@66153688]" started-at="2020-10-08T10:22:02 PET" name="notifyDGATest" finished-at="2020-10-08T10:22:02 PET" duration-ms="0" status="PASS">
          <reporter-output>
          </reporter-output>
        </test-method> <!-- notifyDGATest -->
      </class> <!-- ObserverTest -->
      <class name="ProfesorTest">
        <test-method signature="checkLinkTest()[pri:0, instance:ProfesorTest@455824ad]" started-at="2020-10-08T10:22:02 PET" name="checkLinkTest" finished-at="2020-10-08T10:22:02 PET" duration-ms="0" status="PASS">
          <reporter-output>
          </reporter-output>
        </test-method> <!-- checkLinkTest -->
        <test-method signature="inputLinkTest()[pri:0, instance:ProfesorTest@455824ad]" started-at="2020-10-08T10:22:02 PET" name="inputLinkTest" finished-at="2020-10-08T10:22:02 PET" duration-ms="0" status="PASS">
          <reporter-output>
          </reporter-output>
        </test-method> <!-- inputLinkTest -->
        <test-method signature="inputNameTest()[pri:0, instance:ProfesorTest@455824ad]" started-at="2020-10-08T10:22:02 PET" name="inputNameTest" finished-at="2020-10-08T10:22:02 PET" duration-ms="0" status="PASS">
          <reporter-output>
          </reporter-output>
        </test-method> <!-- inputNameTest -->
        <test-method signature="inputTitleTest()[pri:0, instance:ProfesorTest@455824ad]" started-at="2020-10-08T10:22:02 PET" name="inputTitleTest" finished-at="2020-10-08T10:22:02 PET" duration-ms="1" status="PASS">
          <reporter-output>
          </reporter-output>
        </test-method> <!-- inputTitleTest -->
      </class> <!-- ProfesorTest -->
    </test> <!-- Surefire test -->
  </suite> <!-- Surefire suite -->
</testng-results>
