<?xml version="1.0" encoding="UTF-8"?>
<testsuite xmlns:xsi="http://www.w3.org/2001/XMLSchema-instance" xsi:noNamespaceSchemaLocation="https://maven.apache.org/surefire/maven-surefire-plugin/xsd/surefire-test-report.xsd" name="TestSuite" time="0.286" tests="8" errors="0" skipped="0" failures="0">
  <properties>
[...]
</properties>
  <testcase name="notifyCE2ATest" classname="ObserverTest" time="0.009"/>
  <testcase name="notifyCounterAlumnosTest" classname="ObserverTest" time="0"/>
  <testcase name="notifyCounterDocentesTest" classname="ObserverTest" time="0.001"/>
  <testcase name="notifyDGATest" classname="ObserverTest" time="0"/>
  <testcase name="checkLinkTest" classname="ProfesorTest" time="0.001"/>
  <testcase name="inputLinkTest" classname="ProfesorTest" time="0"/>
  <testcase name="inputNameTest" classname="ProfesorTest" time="0"/>
  <testcase name="inputTitleTest" classname="ProfesorTest" time="0"/>
</testsuite>