-------------------------------------------------------------------------------
Test set: TestSuite
-------------------------------------------------------------------------------
Tests run: 5, Failures: 1, Errors: 0, Skipped: 0, Time elapsed: 0.287 s <<< FAILURE! - in TestSuite
inputLinkTest(ProfesorTest)  Time elapsed: 0.007 s  <<< FAILURE!
java.lang.AssertionError: did not expect to find [true] but found [false]
	at ProfesorTest.inputLinkTest(ProfesorTest.java:35)

